<?xml version="1.0" encoding="UTF-8"?>
<!-- Generated by org.testng.reporters.JUnitXMLReporter -->
<testsuite ignored="3" hostname="AMBL22080325JY" failures="0" tests="1" name="Test" time="0.032" errors="0" timestamp="2022-08-20T16:06:06 IST">
  <testcase classname="Test_D_8" name="Test_B" time="0.006"/>
  <testcase classname="Test_D_8" name="Test_A" time="0.0">
    <ignored/>
  </testcase> <!-- Test_A -->
  <testcase classname="Test_D_8" name="Test_C" time="0.0">
    <ignored/>
  </testcase> <!-- Test_C -->
  <testcase classname="Test_D_8" name="Test_D" time="0.0">
    <ignored/>
  </testcase> <!-- Test_D -->
</testsuite> <!-- Test -->
