<?xml version="1.0" encoding="UTF-8"?>
<!-- Generated by org.testng.reporters.JUnitXMLReporter -->
<testsuite ignored="0" hostname="AMBL22080325JY" failures="0" tests="4" name="GRP-Sanity,Regression,Critical Regression" time="0.088" errors="0" timestamp="2022-08-19T18:41:23 IST">
  <testcase classname="Test_D_8" name="Test_A" time="0.015"/>
  <testcase classname="Test_D_8" name="Test_B" time="0.003"/>
  <testcase classname="Test_D_8" name="Test_C" time="0.002"/>
  <testcase classname="Test_D_8" name="Test_D" time="0.001"/>
</testsuite> <!-- GRP-Sanity,Regression,Critical Regression -->
