<?xml version="1.0" encoding="UTF-8"?>
<testng-results ignored="0" total="1" passed="1" failed="0" skipped="0">
  <reporter-output>
  </reporter-output>
  <suite started-at="2022-08-20T23:24:07 IST" name="Default suite" finished-at="2022-08-20T23:24:07 IST" duration-ms="48">
    <groups>
    </groups>
    <test started-at="2022-08-20T23:24:07 IST" name="Default test" finished-at="2022-08-20T23:24:07 IST" duration-ms="48">
      <class name="automation_study.Test_D_3">
        <test-method signature="test_3()[pri:0, instance:automation_study.Test_D_3@5fbdfdcf]" started-at="2022-08-20T23:24:07 IST" name="test_3" finished-at="2022-08-20T23:24:07 IST" duration-ms="12" status="PASS">
          <reporter-output>
          </reporter-output>
        </test-method> <!-- test_3 -->
      </class> <!-- automation_study.Test_D_3 -->
    </test> <!-- Default test -->
  </suite> <!-- Default suite -->
</testng-results>
